-------------------------------------------------------------------------------
Test set: pl.mateusz.ElasticsearchTest
-------------------------------------------------------------------------------
Tests run: 10, Failures: 0, Errors: 5, Skipped: 0, Time elapsed: 70.101 sec <<< FAILURE!
testCreateIndexTime[0](pl.mateusz.ElasticsearchTest)  Time elapsed: 1.032 sec  <<< ERROR!
org.elasticsearch.client.transport.NoNodeAvailableException: None of the configured nodes are available: []
	at org.elasticsearch.client.transport.TransportClientNodesService.ensureNodesAreAvailable(TransportClientNodesService.java:278)
	at org.elasticsearch.client.transport.TransportClientNodesService.execute(TransportClientNodesService.java:197)
	at org.elasticsearch.client.transport.support.InternalTransportIndicesAdminClient.execute(InternalTransportIndicesAdminClient.java:86)
	at org.elasticsearch.client.support.AbstractIndicesAdminClient.exists(AbstractIndicesAdminClient.java:163)
	at org.elasticsearch.action.admin.indices.exists.indices.IndicesExistsRequestBuilder.doExecute(IndicesExistsRequestBuilder.java:53)
	at org.elasticsearch.action.ActionRequestBuilder.execute(ActionRequestBuilder.java:91)
	at org.elasticsearch.action.ActionRequestBuilder.execute(ActionRequestBuilder.java:65)
	at pl.mateusz.Elasticsearch.createIndex(Elasticsearch.java:83)
	at pl.mateusz.ElasticsearchTest.testCreateIndexTime(ElasticsearchTest.java:59)
	at sun.reflect.NativeMethodAccessorImpl.invoke0(Native Method)
	at sun.reflect.NativeMethodAccessorImpl.invoke(NativeMethodAccessorImpl.java:62)
	at sun.reflect.DelegatingMethodAccessorImpl.invoke(DelegatingMethodAccessorImpl.java:43)
	at java.lang.reflect.Method.invoke(Method.java:483)
	at org.junit.runners.model.FrameworkMethod$1.runReflectiveCall(FrameworkMethod.java:44)
	at org.junit.internal.runners.model.ReflectiveCallable.run(ReflectiveCallable.java:15)
	at org.junit.runners.model.FrameworkMethod.invokeExplosively(FrameworkMethod.java:41)
	at org.junit.internal.runners.statements.InvokeMethod.evaluate(InvokeMethod.java:20)
	at org.junit.internal.runners.statements.FailOnTimeout$1.run(FailOnTimeout.java:28)
testCreateIndexTime[1](pl.mateusz.ElasticsearchTest)  Time elapsed: 1.041 sec  <<< ERROR!
org.elasticsearch.client.transport.NoNodeAvailableException: None of the configured nodes are available: []
	at org.elasticsearch.client.transport.TransportClientNodesService.ensureNodesAreAvailable(TransportClientNodesService.java:278)
	at org.elasticsearch.client.transport.TransportClientNodesService.execute(TransportClientNodesService.java:197)
	at org.elasticsearch.client.transport.support.InternalTransportIndicesAdminClient.execute(InternalTransportIndicesAdminClient.java:86)
	at org.elasticsearch.client.support.AbstractIndicesAdminClient.exists(AbstractIndicesAdminClient.java:163)
	at org.elasticsearch.action.admin.indices.exists.indices.IndicesExistsRequestBuilder.doExecute(IndicesExistsRequestBuilder.java:53)
	at org.elasticsearch.action.ActionRequestBuilder.execute(ActionRequestBuilder.java:91)
	at org.elasticsearch.action.ActionRequestBuilder.execute(ActionRequestBuilder.java:65)
	at pl.mateusz.Elasticsearch.createIndex(Elasticsearch.java:83)
	at pl.mateusz.ElasticsearchTest.testCreateIndexTime(ElasticsearchTest.java:59)
	at sun.reflect.NativeMethodAccessorImpl.invoke0(Native Method)
	at sun.reflect.NativeMethodAccessorImpl.invoke(NativeMethodAccessorImpl.java:62)
	at sun.reflect.DelegatingMethodAccessorImpl.invoke(DelegatingMethodAccessorImpl.java:43)
	at java.lang.reflect.Method.invoke(Method.java:483)
	at org.junit.runners.model.FrameworkMethod$1.runReflectiveCall(FrameworkMethod.java:44)
	at org.junit.internal.runners.model.ReflectiveCallable.run(ReflectiveCallable.java:15)
	at org.junit.runners.model.FrameworkMethod.invokeExplosively(FrameworkMethod.java:41)
	at org.junit.internal.runners.statements.InvokeMethod.evaluate(InvokeMethod.java:20)
	at org.junit.internal.runners.statements.FailOnTimeout$1.run(FailOnTimeout.java:28)
testCreateIndexTime[2](pl.mateusz.ElasticsearchTest)  Time elapsed: 1.036 sec  <<< ERROR!
org.elasticsearch.client.transport.NoNodeAvailableException: None of the configured nodes are available: []
	at org.elasticsearch.client.transport.TransportClientNodesService.ensureNodesAreAvailable(TransportClientNodesService.java:278)
	at org.elasticsearch.client.transport.TransportClientNodesService.execute(TransportClientNodesService.java:197)
	at org.elasticsearch.client.transport.support.InternalTransportIndicesAdminClient.execute(InternalTransportIndicesAdminClient.java:86)
	at org.elasticsearch.client.support.AbstractIndicesAdminClient.exists(AbstractIndicesAdminClient.java:163)
	at org.elasticsearch.action.admin.indices.exists.indices.IndicesExistsRequestBuilder.doExecute(IndicesExistsRequestBuilder.java:53)
	at org.elasticsearch.action.ActionRequestBuilder.execute(ActionRequestBuilder.java:91)
	at org.elasticsearch.action.ActionRequestBuilder.execute(ActionRequestBuilder.java:65)
	at pl.mateusz.Elasticsearch.createIndex(Elasticsearch.java:83)
	at pl.mateusz.ElasticsearchTest.testCreateIndexTime(ElasticsearchTest.java:59)
	at sun.reflect.NativeMethodAccessorImpl.invoke0(Native Method)
	at sun.reflect.NativeMethodAccessorImpl.invoke(NativeMethodAccessorImpl.java:62)
	at sun.reflect.DelegatingMethodAccessorImpl.invoke(DelegatingMethodAccessorImpl.java:43)
	at java.lang.reflect.Method.invoke(Method.java:483)
	at org.junit.runners.model.FrameworkMethod$1.runReflectiveCall(FrameworkMethod.java:44)
	at org.junit.internal.runners.model.ReflectiveCallable.run(ReflectiveCallable.java:15)
	at org.junit.runners.model.FrameworkMethod.invokeExplosively(FrameworkMethod.java:41)
	at org.junit.internal.runners.statements.InvokeMethod.evaluate(InvokeMethod.java:20)
	at org.junit.internal.runners.statements.FailOnTimeout$1.run(FailOnTimeout.java:28)
testCreateIndexTime[3](pl.mateusz.ElasticsearchTest)  Time elapsed: 1.039 sec  <<< ERROR!
org.elasticsearch.client.transport.NoNodeAvailableException: None of the configured nodes are available: []
	at org.elasticsearch.client.transport.TransportClientNodesService.ensureNodesAreAvailable(TransportClientNodesService.java:278)
	at org.elasticsearch.client.transport.TransportClientNodesService.execute(TransportClientNodesService.java:197)
	at org.elasticsearch.client.transport.support.InternalTransportIndicesAdminClient.execute(InternalTransportIndicesAdminClient.java:86)
	at org.elasticsearch.client.support.AbstractIndicesAdminClient.exists(AbstractIndicesAdminClient.java:163)
	at org.elasticsearch.action.admin.indices.exists.indices.IndicesExistsRequestBuilder.doExecute(IndicesExistsRequestBuilder.java:53)
	at org.elasticsearch.action.ActionRequestBuilder.execute(ActionRequestBuilder.java:91)
	at org.elasticsearch.action.ActionRequestBuilder.execute(ActionRequestBuilder.java:65)
	at pl.mateusz.Elasticsearch.createIndex(Elasticsearch.java:83)
	at pl.mateusz.ElasticsearchTest.testCreateIndexTime(ElasticsearchTest.java:59)
	at sun.reflect.NativeMethodAccessorImpl.invoke0(Native Method)
	at sun.reflect.NativeMethodAccessorImpl.invoke(NativeMethodAccessorImpl.java:62)
	at sun.reflect.DelegatingMethodAccessorImpl.invoke(DelegatingMethodAccessorImpl.java:43)
	at java.lang.reflect.Method.invoke(Method.java:483)
	at org.junit.runners.model.FrameworkMethod$1.runReflectiveCall(FrameworkMethod.java:44)
	at org.junit.internal.runners.model.ReflectiveCallable.run(ReflectiveCallable.java:15)
	at org.junit.runners.model.FrameworkMethod.invokeExplosively(FrameworkMethod.java:41)
	at org.junit.internal.runners.statements.InvokeMethod.evaluate(InvokeMethod.java:20)
	at org.junit.internal.runners.statements.FailOnTimeout$1.run(FailOnTimeout.java:28)
testCreateIndexTime[4](pl.mateusz.ElasticsearchTest)  Time elapsed: 1.027 sec  <<< ERROR!
org.elasticsearch.client.transport.NoNodeAvailableException: None of the configured nodes are available: []
	at org.elasticsearch.client.transport.TransportClientNodesService.ensureNodesAreAvailable(TransportClientNodesService.java:278)
	at org.elasticsearch.client.transport.TransportClientNodesService.execute(TransportClientNodesService.java:197)
	at org.elasticsearch.client.transport.support.InternalTransportIndicesAdminClient.execute(InternalTransportIndicesAdminClient.java:86)
	at org.elasticsearch.client.support.AbstractIndicesAdminClient.exists(AbstractIndicesAdminClient.java:163)
	at org.elasticsearch.action.admin.indices.exists.indices.IndicesExistsRequestBuilder.doExecute(IndicesExistsRequestBuilder.java:53)
	at org.elasticsearch.action.ActionRequestBuilder.execute(ActionRequestBuilder.java:91)
	at org.elasticsearch.action.ActionRequestBuilder.execute(ActionRequestBuilder.java:65)
	at pl.mateusz.Elasticsearch.createIndex(Elasticsearch.java:83)
	at pl.mateusz.ElasticsearchTest.testCreateIndexTime(ElasticsearchTest.java:59)
	at sun.reflect.NativeMethodAccessorImpl.invoke0(Native Method)
	at sun.reflect.NativeMethodAccessorImpl.invoke(NativeMethodAccessorImpl.java:62)
	at sun.reflect.DelegatingMethodAccessorImpl.invoke(DelegatingMethodAccessorImpl.java:43)
	at java.lang.reflect.Method.invoke(Method.java:483)
	at org.junit.runners.model.FrameworkMethod$1.runReflectiveCall(FrameworkMethod.java:44)
	at org.junit.internal.runners.model.ReflectiveCallable.run(ReflectiveCallable.java:15)
	at org.junit.runners.model.FrameworkMethod.invokeExplosively(FrameworkMethod.java:41)
	at org.junit.internal.runners.statements.InvokeMethod.evaluate(InvokeMethod.java:20)
	at org.junit.internal.runners.statements.FailOnTimeout$1.run(FailOnTimeout.java:28)
