<?xml version="1.0" encoding="UTF-8" ?>
<testsuite tests="10" failures="0" name="pl.mateusz.ElasticsearchTest" time="70.103" errors="5" skipped="0">
  <properties>
[...]
</properties>
  <testcase classname="pl.mateusz.ElasticsearchTest" name="testCreateIndex[0]" time="1.755"/>
  <testcase classname="pl.mateusz.ElasticsearchTest" name="testCreateIndexTime[0]" time="1.032">
    <error message="None of the configured nodes are available: []" type="org.elasticsearch.client.transport.NoNodeAvailableException">org.elasticsearch.client.transport.NoNodeAvailableException: None of the configured nodes are available: []
	at org.elasticsearch.client.transport.TransportClientNodesService.ensureNodesAreAvailable(TransportClientNodesService.java:278)
	at org.elasticsearch.client.transport.TransportClientNodesService.execute(TransportClientNodesService.java:197)
	at org.elasticsearch.client.transport.support.InternalTransportIndicesAdminClient.execute(InternalTransportIndicesAdminClient.java:86)
	at org.elasticsearch.client.support.AbstractIndicesAdminClient.exists(AbstractIndicesAdminClient.java:163)
	at org.elasticsearch.action.admin.indices.exists.indices.IndicesExistsRequestBuilder.doExecute(IndicesExistsRequestBuilder.java:53)
	at org.elasticsearch.action.ActionRequestBuilder.execute(ActionRequestBuilder.java:91)
	at org.elasticsearch.action.ActionRequestBuilder.execute(ActionRequestBuilder.java:65)
	at pl.mateusz.Elasticsearch.createIndex(Elasticsearch.java:83)
	at pl.mateusz.ElasticsearchTest.testCreateIndexTime(ElasticsearchTest.java:59)
	at sun.reflect.NativeMethodAccessorImpl.invoke0(Native Method)
	at sun.reflect.NativeMethodAccessorImpl.invoke(NativeMethodAccessorImpl.java:62)
	at sun.reflect.DelegatingMethodAccessorImpl.invoke(DelegatingMethodAccessorImpl.java:43)
	at java.lang.reflect.Method.invoke(Method.java:483)
	at org.junit.runners.model.FrameworkMethod$1.runReflectiveCall(FrameworkMethod.java:44)
	at org.junit.internal.runners.model.ReflectiveCallable.run(ReflectiveCallable.java:15)
	at org.junit.runners.model.FrameworkMethod.invokeExplosively(FrameworkMethod.java:41)
	at org.junit.internal.runners.statements.InvokeMethod.evaluate(InvokeMethod.java:20)
	at org.junit.internal.runners.statements.FailOnTimeout$1.run(FailOnTimeout.java:28)
</error>
    <system-out>INFO  org.elasticsearch.plugins  - [Gypsy Moth] loaded [], sites []
</system-out>
  </testcase>
  <testcase classname="pl.mateusz.ElasticsearchTest" name="testCreateIndex[1]" time="21.034"/>
  <testcase classname="pl.mateusz.ElasticsearchTest" name="testCreateIndexTime[1]" time="1.041">
    <error message="None of the configured nodes are available: []" type="org.elasticsearch.client.transport.NoNodeAvailableException">org.elasticsearch.client.transport.NoNodeAvailableException: None of the configured nodes are available: []
	at org.elasticsearch.client.transport.TransportClientNodesService.ensureNodesAreAvailable(TransportClientNodesService.java:278)
	at org.elasticsearch.client.transport.TransportClientNodesService.execute(TransportClientNodesService.java:197)
	at org.elasticsearch.client.transport.support.InternalTransportIndicesAdminClient.execute(InternalTransportIndicesAdminClient.java:86)
	at org.elasticsearch.client.support.AbstractIndicesAdminClient.exists(AbstractIndicesAdminClient.java:163)
	at org.elasticsearch.action.admin.indices.exists.indices.IndicesExistsRequestBuilder.doExecute(IndicesExistsRequestBuilder.java:53)
	at org.elasticsearch.action.ActionRequestBuilder.execute(ActionRequestBuilder.java:91)
	at org.elasticsearch.action.ActionRequestBuilder.execute(ActionRequestBuilder.java:65)
	at pl.mateusz.Elasticsearch.createIndex(Elasticsearch.java:83)
	at pl.mateusz.ElasticsearchTest.testCreateIndexTime(ElasticsearchTest.java:59)
	at sun.reflect.NativeMethodAccessorImpl.invoke0(Native Method)
	at sun.reflect.NativeMethodAccessorImpl.invoke(NativeMethodAccessorImpl.java:62)
	at sun.reflect.DelegatingMethodAccessorImpl.invoke(DelegatingMethodAccessorImpl.java:43)
	at java.lang.reflect.Method.invoke(Method.java:483)
	at org.junit.runners.model.FrameworkMethod$1.runReflectiveCall(FrameworkMethod.java:44)
	at org.junit.internal.runners.model.ReflectiveCallable.run(ReflectiveCallable.java:15)
	at org.junit.runners.model.FrameworkMethod.invokeExplosively(FrameworkMethod.java:41)
	at org.junit.internal.runners.statements.InvokeMethod.evaluate(InvokeMethod.java:20)
	at org.junit.internal.runners.statements.FailOnTimeout$1.run(FailOnTimeout.java:28)
</error>
    <system-out>INFO  org.elasticsearch.plugins  - [Princess Python] loaded [], sites []
</system-out>
  </testcase>
  <testcase classname="pl.mateusz.ElasticsearchTest" name="testCreateIndex[2]" time="21.034"/>
  <testcase classname="pl.mateusz.ElasticsearchTest" name="testCreateIndexTime[2]" time="1.036">
    <error message="None of the configured nodes are available: []" type="org.elasticsearch.client.transport.NoNodeAvailableException">org.elasticsearch.client.transport.NoNodeAvailableException: None of the configured nodes are available: []
	at org.elasticsearch.client.transport.TransportClientNodesService.ensureNodesAreAvailable(TransportClientNodesService.java:278)
	at org.elasticsearch.client.transport.TransportClientNodesService.execute(TransportClientNodesService.java:197)
	at org.elasticsearch.client.transport.support.InternalTransportIndicesAdminClient.execute(InternalTransportIndicesAdminClient.java:86)
	at org.elasticsearch.client.support.AbstractIndicesAdminClient.exists(AbstractIndicesAdminClient.java:163)
	at org.elasticsearch.action.admin.indices.exists.indices.IndicesExistsRequestBuilder.doExecute(IndicesExistsRequestBuilder.java:53)
	at org.elasticsearch.action.ActionRequestBuilder.execute(ActionRequestBuilder.java:91)
	at org.elasticsearch.action.ActionRequestBuilder.execute(ActionRequestBuilder.java:65)
	at pl.mateusz.Elasticsearch.createIndex(Elasticsearch.java:83)
	at pl.mateusz.ElasticsearchTest.testCreateIndexTime(ElasticsearchTest.java:59)
	at sun.reflect.NativeMethodAccessorImpl.invoke0(Native Method)
	at sun.reflect.NativeMethodAccessorImpl.invoke(NativeMethodAccessorImpl.java:62)
	at sun.reflect.DelegatingMethodAccessorImpl.invoke(DelegatingMethodAccessorImpl.java:43)
	at java.lang.reflect.Method.invoke(Method.java:483)
	at org.junit.runners.model.FrameworkMethod$1.runReflectiveCall(FrameworkMethod.java:44)
	at org.junit.internal.runners.model.ReflectiveCallable.run(ReflectiveCallable.java:15)
	at org.junit.runners.model.FrameworkMethod.invokeExplosively(FrameworkMethod.java:41)
	at org.junit.internal.runners.statements.InvokeMethod.evaluate(InvokeMethod.java:20)
	at org.junit.internal.runners.statements.FailOnTimeout$1.run(FailOnTimeout.java:28)
</error>
    <system-out>INFO  org.elasticsearch.plugins  - [Stratosfire] loaded [], sites []
</system-out>
  </testcase>
  <testcase classname="pl.mateusz.ElasticsearchTest" name="testCreateIndex[3]" time="0.026"/>
  <testcase classname="pl.mateusz.ElasticsearchTest" name="testCreateIndexTime[3]" time="1.039">
    <error message="None of the configured nodes are available: []" type="org.elasticsearch.client.transport.NoNodeAvailableException">org.elasticsearch.client.transport.NoNodeAvailableException: None of the configured nodes are available: []
	at org.elasticsearch.client.transport.TransportClientNodesService.ensureNodesAreAvailable(TransportClientNodesService.java:278)
	at org.elasticsearch.client.transport.TransportClientNodesService.execute(TransportClientNodesService.java:197)
	at org.elasticsearch.client.transport.support.InternalTransportIndicesAdminClient.execute(InternalTransportIndicesAdminClient.java:86)
	at org.elasticsearch.client.support.AbstractIndicesAdminClient.exists(AbstractIndicesAdminClient.java:163)
	at org.elasticsearch.action.admin.indices.exists.indices.IndicesExistsRequestBuilder.doExecute(IndicesExistsRequestBuilder.java:53)
	at org.elasticsearch.action.ActionRequestBuilder.execute(ActionRequestBuilder.java:91)
	at org.elasticsearch.action.ActionRequestBuilder.execute(ActionRequestBuilder.java:65)
	at pl.mateusz.Elasticsearch.createIndex(Elasticsearch.java:83)
	at pl.mateusz.ElasticsearchTest.testCreateIndexTime(ElasticsearchTest.java:59)
	at sun.reflect.NativeMethodAccessorImpl.invoke0(Native Method)
	at sun.reflect.NativeMethodAccessorImpl.invoke(NativeMethodAccessorImpl.java:62)
	at sun.reflect.DelegatingMethodAccessorImpl.invoke(DelegatingMethodAccessorImpl.java:43)
	at java.lang.reflect.Method.invoke(Method.java:483)
	at org.junit.runners.model.FrameworkMethod$1.runReflectiveCall(FrameworkMethod.java:44)
	at org.junit.internal.runners.model.ReflectiveCallable.run(ReflectiveCallable.java:15)
	at org.junit.runners.model.FrameworkMethod.invokeExplosively(FrameworkMethod.java:41)
	at org.junit.internal.runners.statements.InvokeMethod.evaluate(InvokeMethod.java:20)
	at org.junit.internal.runners.statements.FailOnTimeout$1.run(FailOnTimeout.java:28)
</error>
    <system-out>INFO  org.elasticsearch.plugins  - [Donald Ritter] loaded [], sites []
</system-out>
  </testcase>
  <testcase classname="pl.mateusz.ElasticsearchTest" name="testCreateIndex[4]" time="21.024"/>
  <testcase classname="pl.mateusz.ElasticsearchTest" name="testCreateIndexTime[4]" time="1.027">
    <error message="None of the configured nodes are available: []" type="org.elasticsearch.client.transport.NoNodeAvailableException">org.elasticsearch.client.transport.NoNodeAvailableException: None of the configured nodes are available: []
	at org.elasticsearch.client.transport.TransportClientNodesService.ensureNodesAreAvailable(TransportClientNodesService.java:278)
	at org.elasticsearch.client.transport.TransportClientNodesService.execute(TransportClientNodesService.java:197)
	at org.elasticsearch.client.transport.support.InternalTransportIndicesAdminClient.execute(InternalTransportIndicesAdminClient.java:86)
	at org.elasticsearch.client.support.AbstractIndicesAdminClient.exists(AbstractIndicesAdminClient.java:163)
	at org.elasticsearch.action.admin.indices.exists.indices.IndicesExistsRequestBuilder.doExecute(IndicesExistsRequestBuilder.java:53)
	at org.elasticsearch.action.ActionRequestBuilder.execute(ActionRequestBuilder.java:91)
	at org.elasticsearch.action.ActionRequestBuilder.execute(ActionRequestBuilder.java:65)
	at pl.mateusz.Elasticsearch.createIndex(Elasticsearch.java:83)
	at pl.mateusz.ElasticsearchTest.testCreateIndexTime(ElasticsearchTest.java:59)
	at sun.reflect.NativeMethodAccessorImpl.invoke0(Native Method)
	at sun.reflect.NativeMethodAccessorImpl.invoke(NativeMethodAccessorImpl.java:62)
	at sun.reflect.DelegatingMethodAccessorImpl.invoke(DelegatingMethodAccessorImpl.java:43)
	at java.lang.reflect.Method.invoke(Method.java:483)
	at org.junit.runners.model.FrameworkMethod$1.runReflectiveCall(FrameworkMethod.java:44)
	at org.junit.internal.runners.model.ReflectiveCallable.run(ReflectiveCallable.java:15)
	at org.junit.runners.model.FrameworkMethod.invokeExplosively(FrameworkMethod.java:41)
	at org.junit.internal.runners.statements.InvokeMethod.evaluate(InvokeMethod.java:20)
	at org.junit.internal.runners.statements.FailOnTimeout$1.run(FailOnTimeout.java:28)
</error>
    <system-out>INFO  org.elasticsearch.plugins  - [Adri Nital] loaded [], sites []
</system-out>
  </testcase>
</testsuite>